TN:
SF:src\app\app.js
FNF:0
FNH:0
DA:1,1
DA:2,1
DA:3,1
DA:4,1
DA:5,1
DA:6,1
DA:7,1
DA:8,1
DA:9,1
DA:10,1
DA:11,1
DA:12,1
DA:13,1
DA:14,1
DA:15,1
DA:16,1
DA:17,1
DA:18,1
DA:19,1
DA:20,1
DA:21,1
DA:22,1
DA:23,1
DA:24,1
DA:25,1
DA:26,1
DA:27,1
DA:28,1
DA:29,1
DA:30,1
DA:31,1
DA:32,1
DA:33,50
DA:34,50
DA:35,50
DA:36,1
DA:37,1
DA:38,1
DA:39,1
DA:40,1
DA:41,1
DA:42,1
DA:43,1
DA:44,1
DA:45,1
DA:46,1
DA:47,1
DA:48,0
DA:49,0
DA:50,1
DA:51,1
DA:52,1
DA:53,1
DA:54,0
DA:55,0
DA:56,1
DA:57,1
DA:58,1
LF:58
LH:54
BRDA:32,0,0,50
BRF:1
BRH:1
end_of_record
TN:
SF:src\app\authentication.js
FNF:0
FNH:0
DA:1,1
DA:2,1
DA:3,1
DA:4,1
DA:5,1
DA:6,1
DA:7,1
DA:8,1
DA:9,1
DA:10,3
DA:11,3
DA:12,3
DA:13,1
DA:14,1
DA:15,1
DA:16,2
DA:17,3
DA:18,1
DA:19,1
DA:20,1
DA:21,1
DA:22,1
DA:23,1
DA:24,1
DA:25,1
DA:26,1
DA:27,1
DA:28,1
DA:29,1
DA:30,1
DA:31,1
DA:32,1
DA:33,1
DA:34,1
DA:35,1
DA:36,1
DA:37,1
DA:38,1
DA:39,1
DA:40,1
DA:41,1
DA:42,1
DA:43,1
DA:44,1
DA:45,1
LF:45
LH:45
BRDA:9,0,0,3
BRDA:12,1,0,1
BRDA:15,2,0,2
BRDA:17,3,0,1
BRF:4
BRH:4
end_of_record
TN:
SF:src\app\categories.js
FNF:0
FNH:0
DA:1,1
DA:2,1
DA:3,1
DA:4,1
DA:5,1
DA:6,1
DA:7,1
DA:8,1
DA:9,1
DA:10,1
DA:11,1
DA:12,1
DA:13,1
DA:14,1
DA:15,1
DA:16,1
DA:17,1
DA:18,1
DA:19,1
DA:20,1
DA:21,3
DA:22,0
DA:23,0
DA:24,0
DA:25,3
DA:26,1
DA:27,1
DA:28,1
DA:29,2
DA:30,2
DA:31,3
DA:32,1
DA:33,1
DA:34,1
DA:35,1
DA:36,1
DA:37,1
DA:38,1
DA:39,1
DA:40,1
DA:41,1
DA:42,1
DA:43,1
DA:44,3
DA:45,0
DA:46,0
DA:47,0
DA:48,3
DA:49,1
DA:50,1
DA:51,1
DA:52,2
DA:53,2
DA:54,2
DA:55,3
DA:56,1
DA:57,1
DA:58,1
DA:59,1
DA:60,1
DA:61,1
DA:62,1
DA:63,1
DA:64,1
DA:65,1
DA:66,1
LF:66
LH:60
BRDA:7,0,0,1
BRDA:10,1,0,1
BRDA:20,2,0,3
BRDA:21,3,0,0
BRDA:25,4,0,1
BRDA:28,5,0,2
BRDA:31,6,0,1
BRDA:43,7,0,3
BRDA:44,8,0,0
BRDA:48,9,0,1
BRDA:51,10,0,2
BRDA:55,11,0,1
BRF:12
BRH:10
end_of_record
TN:
SF:src\app\products.js
FNF:0
FNH:0
DA:1,1
DA:2,1
DA:3,1
DA:4,1
DA:5,1
DA:6,1
DA:7,1
DA:8,1
DA:9,2
DA:10,2
DA:11,2
DA:12,2
DA:13,2
DA:14,2
DA:15,2
DA:16,2
DA:17,2
DA:18,2
DA:19,2
DA:20,2
DA:21,2
DA:22,2
DA:23,1
DA:24,1
DA:25,1
DA:26,1
DA:27,1
DA:28,1
DA:29,1
DA:30,1
DA:31,1
DA:32,1
DA:33,2
DA:34,2
DA:35,2
DA:36,2
DA:37,1
DA:38,1
DA:39,4
DA:40,0
DA:41,0
DA:42,0
DA:43,4
DA:44,4
DA:45,1
DA:46,1
DA:47,1
DA:48,3
DA:49,4
DA:50,1
DA:51,1
DA:52,1
DA:53,2
DA:54,2
DA:55,2
DA:56,2
DA:57,2
DA:58,2
DA:59,2
DA:60,2
DA:61,2
DA:62,4
DA:63,1
DA:64,1
DA:65,1
DA:66,1
DA:67,1
DA:68,1
DA:69,1
DA:70,1
DA:71,1
DA:72,1
DA:73,1
DA:74,1
DA:75,1
DA:76,1
DA:77,1
DA:78,1
DA:79,1
DA:80,1
DA:81,1
DA:82,1
DA:83,1
DA:84,2
DA:85,2
DA:86,2
DA:87,1
DA:88,1
DA:89,1
DA:90,1
DA:91,1
DA:92,1
DA:93,1
DA:94,1
DA:95,1
DA:96,1
DA:97,1
DA:98,1
DA:99,1
DA:100,1
DA:101,1
DA:102,1
DA:103,1
DA:104,1
DA:105,1
DA:106,1
DA:107,2
DA:108,0
DA:109,0
DA:110,0
DA:111,2
DA:112,2
DA:113,2
DA:114,2
DA:115,0
DA:116,0
DA:117,0
DA:118,0
DA:119,2
DA:120,2
DA:121,1
DA:122,1
DA:123,1
DA:124,1
DA:125,1
DA:126,1
DA:127,1
DA:128,1
DA:129,1
DA:130,1
DA:131,2
DA:132,0
DA:133,0
DA:134,0
DA:135,2
DA:136,2
DA:137,2
DA:138,2
DA:139,0
DA:140,0
DA:141,0
DA:142,0
DA:143,2
DA:144,2
DA:145,1
DA:146,1
DA:147,1
DA:148,1
DA:149,1
DA:150,2
DA:151,2
DA:152,0
DA:153,0
DA:154,0
DA:155,0
DA:156,0
DA:157,0
DA:158,0
DA:159,1
DA:160,2
DA:161,1
DA:162,1
DA:163,1
DA:164,2
DA:165,1
DA:166,2
DA:167,1
DA:168,1
DA:169,1
DA:170,1
DA:171,1
DA:172,1
DA:173,1
LF:173
LH:149
BRDA:8,0,0,2
BRDA:12,1,0,0
BRDA:16,2,0,0
BRDA:18,3,0,0
BRDA:22,4,0,1
BRDA:38,5,0,4
BRDA:39,6,0,0
BRDA:44,7,0,3
BRDA:44,8,0,1
BRDA:47,9,0,3
BRDA:49,10,0,1
BRDA:52,11,0,2
BRDA:62,12,0,1
BRDA:83,13,0,2
BRDA:86,14,0,1
BRDA:106,15,0,2
BRDA:107,16,0,0
BRDA:114,17,0,0
BRDA:120,18,0,1
BRDA:130,19,0,2
BRDA:131,20,0,0
BRDA:138,21,0,0
BRDA:144,22,0,1
BRDA:150,23,0,0
BRDA:150,24,0,1
BRDA:151,25,0,0
BRDA:158,26,0,1
BRDA:160,27,0,0
BRDA:160,28,0,1
BRDA:164,29,0,0
BRDA:164,30,0,1
BRDA:166,31,0,0
BRDA:166,32,0,1
BRF:33
BRH:20
end_of_record
TN:
SF:src\app\rentals.js
FNF:0
FNH:0
DA:1,1
DA:2,1
DA:3,1
DA:4,1
DA:5,1
DA:6,1
DA:7,1
DA:8,1
DA:9,1
DA:10,1
DA:11,0
DA:12,0
DA:13,0
DA:14,1
DA:15,1
DA:16,1
DA:17,1
DA:18,1
DA:19,1
DA:20,1
DA:21,1
DA:22,1
DA:23,1
DA:24,1
DA:25,1
DA:26,1
DA:27,1
DA:28,1
DA:29,1
DA:30,1
DA:31,1
DA:32,1
DA:33,1
DA:34,1
DA:35,1
DA:36,1
DA:37,1
DA:38,1
DA:39,1
DA:40,1
DA:41,1
DA:42,1
DA:43,1
DA:44,1
DA:45,1
DA:46,1
DA:47,1
DA:48,6
DA:49,0
DA:50,0
DA:51,0
DA:52,6
DA:53,6
DA:54,6
DA:55,6
DA:56,6
DA:57,1
DA:58,1
DA:59,1
DA:60,5
DA:61,6
DA:62,1
DA:63,1
DA:64,1
DA:65,4
DA:66,6
DA:67,1
DA:68,1
DA:69,1
DA:70,3
DA:71,3
DA:72,3
DA:73,3
DA:74,3
DA:75,3
DA:76,6
DA:77,1
DA:78,1
DA:79,1
DA:80,2
DA:81,2
DA:82,2
DA:83,2
DA:84,2
DA:85,6
DA:86,1
DA:87,1
DA:88,1
DA:89,1
DA:90,1
DA:91,1
DA:92,1
DA:93,1
DA:94,1
DA:95,1
DA:96,1
DA:97,1
DA:98,1
DA:99,1
DA:100,1
DA:101,1
DA:102,1
DA:103,1
DA:104,1
DA:105,1
DA:106,1
DA:107,1
DA:108,1
DA:109,1
DA:110,1
DA:111,0
DA:112,0
DA:113,0
DA:114,0
DA:115,0
DA:116,0
DA:117,0
DA:118,0
DA:119,0
DA:120,0
DA:121,0
DA:122,0
DA:123,0
DA:124,0
DA:125,0
DA:126,0
DA:127,0
DA:128,0
DA:129,0
DA:130,0
DA:131,0
DA:132,0
DA:133,0
DA:134,0
DA:135,0
DA:136,0
DA:137,0
DA:138,0
DA:139,0
DA:140,0
DA:141,0
DA:142,1
DA:143,1
DA:144,0
DA:145,0
DA:146,0
DA:147,0
DA:148,0
DA:149,0
DA:150,0
DA:151,0
DA:152,0
DA:153,0
DA:154,0
DA:155,0
DA:156,0
DA:157,0
DA:158,0
DA:159,0
DA:160,0
DA:161,0
DA:162,0
DA:163,0
DA:164,0
DA:165,0
DA:166,1
DA:167,1
DA:168,3
DA:169,0
DA:170,0
DA:171,0
DA:172,3
DA:173,3
DA:174,3
DA:175,3
DA:176,1
DA:177,1
DA:178,1
DA:179,1
DA:180,2
DA:181,3
DA:182,1
DA:183,1
DA:184,1
DA:185,1
DA:186,1
DA:187,1
DA:188,1
DA:189,1
DA:190,1
DA:191,1
DA:192,1
DA:193,3
DA:194,1
DA:195,1
DA:196,1
DA:197,3
DA:198,1
DA:199,1
DA:200,1
DA:201,1
DA:202,1
DA:203,3
DA:204,0
DA:205,0
DA:206,0
DA:207,1
DA:208,1
DA:209,1
DA:210,1
DA:211,1
DA:212,1
DA:213,1
DA:214,1
DA:215,1
DA:216,1
DA:217,1
DA:218,1
DA:219,1
DA:220,1
DA:221,1
DA:222,1
DA:223,1
DA:224,1
LF:224
LH:159
BRDA:9,0,0,1
BRDA:10,1,0,0
BRDA:18,2,0,0
BRDA:22,3,0,0
BRDA:24,4,0,0
BRDA:26,5,0,0
BRDA:28,6,0,0
BRDA:32,7,0,1
BRDA:47,8,0,6
BRDA:48,9,0,0
BRDA:56,10,0,1
BRDA:59,11,0,5
BRDA:61,12,0,1
BRDA:64,13,0,4
BRDA:66,14,0,3
BRDA:66,15,0,1
BRDA:69,16,0,3
BRDA:76,17,0,1
BRDA:79,18,0,2
BRDA:85,19,0,1
BRDA:167,20,0,3
BRDA:168,21,0,0
BRDA:175,22,0,1
BRDA:179,23,0,2
BRDA:181,24,0,1
BRDA:193,25,0,0
BRDA:194,26,0,1
BRDA:197,27,0,0
BRDA:198,28,0,1
BRDA:203,29,0,0
BRDA:206,30,0,1
BRF:31
BRH:20
end_of_record
TN:
SF:src\app\tokenChecker.js
FN:3,tokenChecker
FNF:1
FNH:1
FNDA:36,tokenChecker
DA:1,1
DA:2,1
DA:3,1
DA:4,36
DA:5,36
DA:6,8
DA:7,8
DA:8,8
DA:9,8
DA:10,8
DA:11,28
DA:12,28
DA:13,28
DA:14,0
DA:15,0
DA:16,0
DA:17,0
DA:18,0
DA:19,28
DA:20,28
DA:21,28
DA:22,28
DA:23,28
DA:24,28
DA:25,28
DA:26,1
DA:27,1
LF:27
LH:22
BRDA:3,0,0,36
BRDA:5,1,0,8
BRDA:10,2,0,28
BRDA:12,3,0,28
BRDA:13,4,0,0
BRF:5
BRH:4
end_of_record
TN:
SF:src\app\users.js
FN:184,checkIfEmailInString
FNF:1
FNH:1
FNDA:4,checkIfEmailInString
DA:1,1
DA:2,1
DA:3,1
DA:4,1
DA:5,1
DA:6,1
DA:7,1
DA:8,1
DA:9,0
DA:10,0
DA:11,0
DA:12,1
DA:13,1
DA:14,1
DA:15,1
DA:16,1
DA:17,1
DA:18,1
DA:19,1
DA:20,1
DA:21,1
DA:22,1
DA:23,1
DA:24,1
DA:25,1
DA:26,0
DA:27,0
DA:28,0
DA:29,0
DA:30,0
DA:31,0
DA:32,0
DA:33,0
DA:34,0
DA:35,0
DA:36,0
DA:37,0
DA:38,0
DA:39,0
DA:40,0
DA:41,0
DA:42,0
DA:43,0
DA:44,0
DA:45,0
DA:46,0
DA:47,1
DA:48,1
DA:49,4
DA:50,4
DA:51,4
DA:52,4
DA:53,4
DA:54,4
DA:55,4
DA:56,4
DA:57,4
DA:58,1
DA:59,1
DA:60,1
DA:61,3
DA:62,3
DA:63,4
DA:64,3
DA:65,4
DA:66,0
DA:67,0
DA:68,0
DA:69,3
DA:70,4
DA:71,0
DA:72,0
DA:73,0
DA:74,3
DA:75,3
DA:76,4
DA:77,1
DA:78,1
DA:79,1
DA:80,2
DA:81,2
DA:82,4
DA:83,1
DA:84,1
DA:85,1
DA:86,1
DA:87,1
DA:88,1
DA:89,1
DA:90,1
DA:91,1
DA:92,1
DA:93,2
DA:94,2
DA:95,1
DA:96,1
DA:97,1
DA:98,1
DA:99,1
DA:100,1
DA:101,1
DA:102,1
DA:103,1
DA:104,1
DA:105,1
DA:106,1
DA:107,1
DA:108,1
DA:109,0
DA:110,0
DA:111,0
DA:112,0
DA:113,0
DA:114,0
DA:115,0
DA:116,0
DA:117,0
DA:118,0
DA:119,0
DA:120,0
DA:121,0
DA:122,0
DA:123,0
DA:124,0
DA:125,0
DA:126,0
DA:127,0
DA:128,0
DA:129,0
DA:130,0
DA:131,1
DA:132,1
DA:133,3
DA:134,0
DA:135,0
DA:136,0
DA:137,3
DA:138,3
DA:139,3
DA:140,3
DA:141,1
DA:142,1
DA:143,1
DA:144,1
DA:145,2
DA:146,3
DA:147,1
DA:148,1
DA:149,1
DA:150,1
DA:151,1
DA:152,1
DA:153,1
DA:154,0
DA:155,0
DA:156,0
DA:157,1
DA:158,1
DA:159,1
DA:160,3
DA:161,3
DA:162,0
DA:163,0
DA:164,0
DA:165,0
DA:166,0
DA:167,0
DA:168,0
DA:169,0
DA:170,0
DA:171,0
DA:172,0
DA:173,0
DA:174,1
DA:175,3
DA:176,1
DA:177,3
DA:178,1
DA:179,1
DA:180,1
DA:181,1
DA:182,1
DA:183,1
DA:184,4
DA:185,4
DA:186,4
DA:187,4
DA:188,1
DA:189,1
LF:189
LH:119
BRDA:7,0,0,1
BRDA:8,1,0,0
BRDA:48,2,0,4
BRDA:57,3,0,1
BRDA:60,4,0,3
BRDA:63,5,0,2
BRDA:63,6,0,3
BRDA:65,7,0,0
BRDA:68,8,0,3
BRDA:70,9,0,0
BRDA:73,10,0,3
BRDA:76,11,0,1
BRDA:79,12,0,2
BRDA:82,13,0,1
BRDA:92,14,0,2
BRDA:94,15,0,1
BRDA:132,16,0,3
BRDA:133,17,0,0
BRDA:140,18,0,1
BRDA:144,19,0,2
BRDA:146,20,0,1
BRDA:153,21,0,0
BRDA:160,22,0,0
BRDA:160,23,0,1
BRDA:161,24,0,0
BRDA:173,25,0,1
BRDA:175,26,0,0
BRDA:175,27,0,1
BRDA:177,28,0,0
BRDA:177,29,0,1
BRDA:184,30,0,4
BRF:31
BRH:22
end_of_record
TN:
SF:src\models\category.js
FNF:0
FNH:0
DA:1,1
DA:2,1
DA:3,1
DA:4,1
DA:5,1
DA:6,1
LF:6
LH:6
BRF:0
BRH:0
end_of_record
TN:
SF:src\models\product.js
FNF:0
FNH:0
DA:1,1
DA:2,1
DA:3,1
DA:4,1
DA:5,1
DA:6,1
DA:7,1
DA:8,1
DA:9,1
DA:10,1
DA:11,1
DA:12,1
DA:13,1
DA:14,1
DA:15,1
DA:16,1
LF:16
LH:16
BRF:0
BRH:0
end_of_record
TN:
SF:src\models\rental.js
FNF:0
FNH:0
DA:1,1
DA:2,1
DA:3,1
DA:4,1
DA:5,1
DA:6,1
DA:7,1
DA:8,1
DA:9,1
DA:10,1
DA:11,1
DA:12,1
DA:13,1
DA:14,1
DA:15,1
LF:15
LH:15
BRF:0
BRH:0
end_of_record
TN:
SF:src\models\user.js
FNF:0
FNH:0
DA:1,1
DA:2,1
DA:3,1
DA:4,1
DA:5,1
DA:6,1
DA:7,1
DA:8,1
DA:9,1
DA:10,1
DA:11,1
DA:12,1
DA:13,1
LF:13
LH:13
BRF:0
BRH:0
end_of_record
